

====================  9h-55m-57s/11-5-2025 ====================
Erro em createRole
error: mensagem de ligação forneceu 1 parâmetros, mas comando preparado "" requer 0

====================  9h-56m-30s/11-5-2025 ====================
Erro em createRole
error: INSERT tem mais expressões do que colunas alvo

====================  9h-56m-53s/11-5-2025 ====================
Erro em createRole
error: coluna "role_description" da relação "roles" não existe

====================  9h-57m-9s/11-5-2025 ====================
Erro em createRole
error: mensagem de ligação forneceu 2 parâmetros, mas comando preparado "" requer 0

====================  10h-13m-43s/11-5-2025 ====================
Erro em createRole
error: mensagem de ligação forneceu 2 parâmetros, mas comando preparado "" requer 0

====================  10h-13m-57s/11-5-2025 ====================
Erro em createRole
error: sintaxe de entrada é inválida para tipo integer: "$1"

====================  10h-14m-34s/11-5-2025 ====================
Sucesso em createRole
1

====================  10h-15m-32s/11-5-2025 ====================
Sucesso em deleteRole
ID: [object Object]

====================  10h-25m-2s/11-5-2025 ====================
Sucesso em createRole
2

====================  10h-25m-2s/11-5-2025 ====================
Sucesso em deleteRole
: {"role_id":2,"role_name":"abdfg","description":"hijklm","created_at":"2025-06-11T13:25:02.689Z"}

====================  10h-26m-2s/11-5-2025 ====================
Sucesso em createRole
{"role_id":3,"role_name":"abdfg","description":"hijklm","created_at":"2025-06-11T13:26:02.038Z"}

====================  10h-26m-2s/11-5-2025 ====================
Sucesso em deleteRole
{"role_id":3,"role_name":"abdfg","description":"hijklm","created_at":"2025-06-11T13:26:02.038Z"}

====================  10h-32m-20s/11-5-2025 ====================
Sucesso em createRole
Linha criada: {"role_id":4,"role_name":"abdfg","description":"hijklm","created_at":"2025-06-11T13:32:20.725Z"}

====================  10h-32m-20s/11-5-2025 ====================
Erro em createRole
error: duplicar valor da chave viola a restrição de unicidade "uk_role_name"

====================  10h-32m-20s/11-5-2025 ====================
Erro em createRole
error: duplicar valor da chave viola a restrição de unicidade "uk_role_name"

====================  10h-32m-20s/11-5-2025 ====================
Erro em getRole
Entrada incorreta em getRole
id: null typeOf: object

====================  10h-32m-56s/11-5-2025 ====================
Erro em createRole
error: duplicar valor da chave viola a restrição de unicidade "uk_role_name"

====================  10h-32m-56s/11-5-2025 ====================
Sucesso em createRole
Linha criada: {"role_id":8,"role_name":"llll","description":"hijklm","created_at":"2025-06-11T13:32:56.794Z"}

====================  10h-32m-56s/11-5-2025 ====================
Sucesso em createRole
Linha criada: {"role_id":9,"role_name":"12389012","description":"hijklm","created_at":"2025-06-11T13:32:56.831Z"}

====================  10h-32m-56s/11-5-2025 ====================
Erro em getRole
Entrada incorreta em getRole
id: null typeOf: object

====================  10h-34m-33s/11-5-2025 ====================
Erro em createRole
error: duplicar valor da chave viola a restrição de unicidade "uk_role_name"

====================  10h-34m-33s/11-5-2025 ====================
Erro em createRole
error: duplicar valor da chave viola a restrição de unicidade "uk_role_name"

====================  10h-34m-33s/11-5-2025 ====================
Erro em createRole
error: duplicar valor da chave viola a restrição de unicidade "uk_role_name"

====================  10h-34m-33s/11-5-2025 ====================
Erro em getRole
Entrada incorreta em getRole
id: null typeOf: object

====================  10h-34m-51s/11-5-2025 ====================
Erro em getRole
Entrada incorreta em getRole
id: null typeOf: object

====================  10h-37m-38s/11-5-2025 ====================
Erro em getRole
Entrada incorreta em getRole
id: null typeOf: object

====================  10h-38m-31s/11-5-2025 ====================
Sucesso em getRole
Linhas obtidas: "[object Object]\n[object Object]\n[object Object]"

====================  10h-39m-8s/11-5-2025 ====================
Erro em getRole
Entrada incorreta em getRole
id: null typeOf: object

====================  10h-39m-52s/11-5-2025 ====================
Sucesso em getRole
Linhas obtidas: undefined

====================  10h-40m-29s/11-5-2025 ====================
Sucesso em getRole
Linhas obtidas: undefined

====================  10h-40m-38s/11-5-2025 ====================
Sucesso em getRole
Linhas obtidas: [{"role_id":4,"role_name":"abdfg","description":"hijklm","created_at":"2025-06-11T13:32:20.725Z"},{"role_id":8,"role_name":"llll","description":"hijklm","created_at":"2025-06-11T13:32:56.794Z"},{"role_id":9,"role_name":"12389012","description":"hijklm","created_at":"2025-06-11T13:32:56.831Z"}]

====================  10h-41m-22s/11-5-2025 ====================
Sucesso em getRole
Linhas obtidas: [{"role_id":4,"role_name":"abdfg","description":"hijklm","created_at":"2025-06-11T13:32:20.725Z"},{"role_id":8,"role_name":"llll","description":"hijklm","created_at":"2025-06-11T13:32:56.794Z"},{"role_id":9,"role_name":"12389012","description":"hijklm","created_at":"2025-06-11T13:32:56.831Z"},"\n"]

====================  10h-42m-16s/11-5-2025 ====================
Sucesso em getRole
Linhas obtidas: undefined

====================  10h-42m-25s/11-5-2025 ====================
Sucesso em getRole
Linhas obtidas: function keys() { [native code] }

====================  10h-46m-32s/11-5-2025 ====================
Sucesso em getRole
Linhas obtidas: "[object Object],[object Object],[object Object]"

====================  10h-46m-42s/11-5-2025 ====================
Sucesso em getRole
Linhas obtidas: [object Object],[object Object],[object Object]

====================  10h-48m-32s/11-5-2025 ====================
Sucesso em getRole
Linhas obtidas: [object Object],[object Object],[object Object]

====================  10h-48m-37s/11-5-2025 ====================
Sucesso em getRole
Linhas obtidas: [object Object],[object Object],[object Object]

====================  10h-48m-49s/11-5-2025 ====================
Sucesso em getRole
Linhas obtidas: [object Object]

====================  10h-51m-26s/11-5-2025 ====================
Sucesso em getRole
Linhas obtidas: function join() { [native code] }

====================  10h-51m-38s/11-5-2025 ====================
Sucesso em getRole
Linhas obtidas: [object Object]
[object Object]
[object Object]

====================  10h-52m-56s/11-5-2025 ====================
Erro em getRole
TypeError: JSON.stringify(...).join is not a function

====================  10h-53m-27s/11-5-2025 ====================
Sucesso em getRole
Linhas obtidas: 
"[object Object]\n[object Object]\n[object Object]"

====================  10h-54m-13s/11-5-2025 ====================
Sucesso em getRole
Linhas obtidas: 
[{"role_id":4
"role_name":"abdfg","description":"hijklm","created_at":"2025-06-11T13:32:20.725Z"},{"role_id":8,"role_name":"llll","description":"hijklm","created_at":"2025-06-11T13:32:56.794Z"},{"role_id":9,"role_name":"12389012","description":"hijklm","created_at":"2025-06-11T13:32:56.831Z"}]

====================  10h-54m-56s/11-5-2025 ====================
Sucesso em getRole
Linhas obtidas: 
function split() { [native code] }

====================  10h-55m-6s/11-5-2025 ====================
Sucesso em getRole
Linhas obtidas: 
function split() { [native code] }

====================  10h-55m-10s/11-5-2025 ====================
Sucesso em getRole
Linhas obtidas: 
[{"role_id":4,"role_name":"abdfg","description":"hijklm","created_at":"2025-06-11T13:32:20.725Z"},{"role_id":8,"role_name":"llll","description":"hijklm","created_at":"2025-06-11T13:32:56.794Z"},{"role_id":9,"role_name":"12389012","description":"hijklm","created_at":"2025-06-11T13:32:56.831Z"}]

====================  10h-55m-30s/11-5-2025 ====================
Sucesso em getRole
Linhas obtidas: 
[{"role_id":4,"role_name":"abdfg","description":"hijklm","created_at":"2025-06-11T13:32:20.725Z",,{"role_id":8,"role_name":"llll","description":"hijklm","created_at":"2025-06-11T13:32:56.794Z",,{"role_id":9,"role_name":"12389012","description":"hijklm","created_at":"2025-06-11T13:32:56.831Z",]

====================  10h-55m-56s/11-5-2025 ====================
Sucesso em getRole
Linhas obtidas: 
[
"role_id":4,"role_name":"abdfg","description":"hijklm","created_at":"2025-06-11T13:32:20.725Z"},{"role_id":8,"role_name":"llll","description":"hijklm","created_at":"2025-06-11T13:32:56.794Z"},{"role_id":9,"role_name":"12389012","description":"hijklm","created_at":"2025-06-11T13:32:56.831Z"}]

====================  10h-56m-11s/11-5-2025 ====================
Sucesso em getRole
Linhas obtidas: 
[{"role_id":4,"role_name":"abdfg","description":"hijklm","created_at":"2025-06-11T13:32:20.725Z"
,{"role_id":8,"role_name":"llll","description":"hijklm","created_at":"2025-06-11T13:32:56.794Z"},{"role_id":9,"role_name":"12389012","description":"hijklm","created_at":"2025-06-11T13:32:56.831Z"}]

====================  10h-57m-12s/11-5-2025 ====================
Sucesso em getRole
Linhas obtidas: 
["role_id":4,"role_name":"abdfg","description":"hijklm","created_at":"2025-06-11T13:32:20.725Z"},{"role_id":8,"role_name":"llll","description":"hijklm","created_at":"2025-06-11T13:32:56.794Z"},{"role_id":9,"role_name":"12389012","description":"hijklm","created_at":"2025-06-11T13:32:56.831Z"}]

====================  11h-2m-54s/11-5-2025 ====================
Sucesso em getRole
Linhas obtidas: 
[
"role_id":4,"role_name":"abdfg","description":"hijklm","created_at":"2025-06-11T13:32:20.725Z"},
"role_id":8,"role_name":"llll","description":"hijklm","created_at":"2025-06-11T13:32:56.794Z"},
"role_id":9,"role_name":"12389012","description":"hijklm","created_at":"2025-06-11T13:32:56.831Z"}]

====================  11h-3m-42s/11-5-2025 ====================
Sucesso em getRole
Linha obtida{"role_id":4,"role_name":"abdfg","description":"hijklm","created_at":"2025-06-11T13:32:20.725Z"}

====================  11h-5m-25s/11-5-2025 ====================
Sucesso em getRole
Linha obtida:
{"role_id":4,"role_name":"abdfg","description":"hijklm","created_at":"2025-06-11T13:32:20.725Z"}

====================  11h-5m-25s/11-5-2025 ====================
Erro em updateRole
Entrada incorreta em updateRole
id: 4 typeOf: number}

====================  11h-5m-25s/11-5-2025 ====================
Sucesso em getRole
Linha obtida:
{"role_id":4,"role_name":"abdfg","description":"hijklm","created_at":"2025-06-11T13:32:20.725Z"}

====================  11h-6m-18s/11-5-2025 ====================
Sucesso em getRole
Linha obtida:
{"role_id":4,"role_name":"abdfg","description":"hijklm","created_at":"2025-06-11T13:32:20.725Z"}

====================  11h-6m-18s/11-5-2025 ====================
Erro em updateRole
error: relação "microsoil_db.role" não existe

====================  11h-6m-18s/11-5-2025 ====================
Sucesso em getRole
Linha obtida:
{"role_id":4,"role_name":"abdfg","description":"hijklm","created_at":"2025-06-11T13:32:20.725Z"}

====================  11h-7m-0s/11-5-2025 ====================
Sucesso em getRole
Linha obtida:
{"role_id":4,"role_name":"abdfg","description":"hijklm","created_at":"2025-06-11T13:32:20.725Z"}

====================  11h-7m-0s/11-5-2025 ====================
Erro em updateRole
error: coluna "role_description" da relação "roles" não existe

====================  11h-7m-0s/11-5-2025 ====================
Sucesso em getRole
Linha obtida:
{"role_id":4,"role_name":"abdfg","description":"hijklm","created_at":"2025-06-11T13:32:20.725Z"}

====================  11h-7m-23s/11-5-2025 ====================
Sucesso em getRole
Linha obtida:
{"role_id":4,"role_name":"abdfg","description":"hijklm","created_at":"2025-06-11T13:32:20.725Z"}

====================  11h-7m-23s/11-5-2025 ====================
Erro em updateRole
error: não foi possível determinar o tipo de dados do parâmetro $1

====================  11h-7m-23s/11-5-2025 ====================
Sucesso em getRole
Linha obtida:
{"role_id":4,"role_name":"abdfg","description":"hijklm","created_at":"2025-06-11T13:32:20.725Z"}

====================  11h-7m-53s/11-5-2025 ====================
Sucesso em getRole
Linha obtida:
{"role_id":4,"role_name":"abdfg","description":"hijklm","created_at":"2025-06-11T13:32:20.725Z"}

====================  11h-7m-53s/11-5-2025 ====================
Erro em updateRole
error: não foi possível determinar o tipo de dados do parâmetro $1

====================  11h-7m-53s/11-5-2025 ====================
Sucesso em getRole
Linha obtida:
{"role_id":4,"role_name":"abdfg","description":"hijklm","created_at":"2025-06-11T13:32:20.725Z"}

====================  11h-8m-37s/11-5-2025 ====================
Sucesso em getRole
Linha obtida:
{"role_id":4,"role_name":"abdfg","description":"hijklm","created_at":"2025-06-11T13:32:20.725Z"}

====================  11h-8m-37s/11-5-2025 ====================
Erro em updateRole
error: não foi possível determinar o tipo de dados do parâmetro $3

====================  11h-8m-37s/11-5-2025 ====================
Sucesso em getRole
Linha obtida:
{"role_id":4,"role_name":"abdfg","description":"hijklm","created_at":"2025-06-11T13:32:20.725Z"}

====================  11h-9m-2s/11-5-2025 ====================
Sucesso em getRole
Linha obtida:
{"role_id":4,"role_name":"abdfg","description":"hijklm","created_at":"2025-06-11T13:32:20.725Z"}

====================  11h-9m-2s/11-5-2025 ====================
Sucesso em updateRole
Linha alterada:
{"role_id":4,"role_name":"asdasdasd","description":"asdiasdjasdkasdasd","created_at":"2025-06-11T13:32:20.725Z"}

====================  11h-9m-2s/11-5-2025 ====================
Sucesso em getRole
Linha obtida:
{"role_id":4,"role_name":"asdasdasd","description":"asdiasdjasdkasdasd","created_at":"2025-06-11T13:32:20.725Z"}

====================  11h-9m-25s/11-5-2025 ====================
Sucesso em getRole
Linha obtida:
{"role_id":4,"role_name":"asdasdasd","description":"asdiasdjasdkasdasd","created_at":"2025-06-11T13:32:20.725Z"}

====================  11h-9m-25s/11-5-2025 ====================
Sucesso em updateRole
Linha alterada:
{"role_id":4,"role_name":"a31sd31a3sda1sd","description":"asdiasdjasdkasdasd","created_at":"2025-06-11T13:32:20.725Z"}

====================  11h-9m-25s/11-5-2025 ====================
Sucesso em getRole
Linha obtida:
{"role_id":4,"role_name":"a31sd31a3sda1sd","description":"asdiasdjasdkasdasd","created_at":"2025-06-11T13:32:20.725Z"}

====================  11h-15m-17s/11-5-2025 ====================
Sucesso em getRole
Linha obtida:
{"role_id":4,"role_name":"a31sd31a3sda1sd","description":"asdiasdjasdkasdasd","created_at":"2025-06-11T13:32:20.725Z"}

====================  11h-15m-17s/11-5-2025 ====================
Sucesso em updateRole
Linha alterada:
{"role_id":4,"role_name":"a31sd31a3sda1sd","description":"a31sd31a3sda1sd","created_at":"2025-06-11T13:32:20.725Z"}

====================  11h-15m-17s/11-5-2025 ====================
Sucesso em getRole
Linha obtida:
{"role_id":4,"role_name":"a31sd31a3sda1sd","description":"a31sd31a3sda1sd","created_at":"2025-06-11T13:32:20.725Z"}

====================  11h-29m-53s/11-5-2025 ====================
Sucesso em getRole
Linha obtida:
{"role_id":4,"role_name":"a31sd31a3sda1sd","description":"a31sd31a3sda1sd","created_at":"2025-06-11T13:32:20.725Z"}